[0.011s] Invoking command in '/home/g_g/workspaces/ros2_py_ws/build/udemy_ros2_pkg': CMAKE_PREFIX_PATH=${CMAKE_PREFIX_PATH}:/opt/ros/jazzy DEBUGINFOD_URLS=https://debuginfod.ubuntu.com /usr/bin/cmake --build /home/g_g/workspaces/ros2_py_ws/build/udemy_ros2_pkg -- -j4 -l4
[0.101s] Built target ament_cmake_python_symlink_scripts
[0.219s] running egg_info
[0.229s] writing scripts.egg-info/PKG-INFO
[0.229s] writing dependency_links to scripts.egg-info/dependency_links.txt
[0.229s] writing top-level names to scripts.egg-info/top_level.txt
[0.253s] reading manifest file 'scripts.egg-info/SOURCES.txt'
[0.254s] writing manifest file 'scripts.egg-info/SOURCES.txt'
[0.275s] Built target ament_cmake_python_build_scripts_egg
[0.281s] Invoked command in '/home/g_g/workspaces/ros2_py_ws/build/udemy_ros2_pkg' returned '0': CMAKE_PREFIX_PATH=${CMAKE_PREFIX_PATH}:/opt/ros/jazzy DEBUGINFOD_URLS=https://debuginfod.ubuntu.com /usr/bin/cmake --build /home/g_g/workspaces/ros2_py_ws/build/udemy_ros2_pkg -- -j4 -l4
[0.298s] Invoking command in '/home/g_g/workspaces/ros2_py_ws/build/udemy_ros2_pkg': CMAKE_PREFIX_PATH=${CMAKE_PREFIX_PATH}:/opt/ros/jazzy DEBUGINFOD_URLS=https://debuginfod.ubuntu.com /usr/bin/cmake --install /home/g_g/workspaces/ros2_py_ws/build/udemy_ros2_pkg
[0.301s] -- Install configuration: ""
[0.302s] -- Execute custom install script
[0.302s] -- Up-to-date symlink: /home/g_g/workspaces/ros2_py_ws/install/udemy_ros2_pkg/share/udemy_ros2_pkg/environment/pythonpath.sh
[0.302s] -- Up-to-date symlink: /home/g_g/workspaces/ros2_py_ws/install/udemy_ros2_pkg/share/udemy_ros2_pkg/environment/pythonpath.dsv
[0.303s] -- Up-to-date symlink: /home/g_g/workspaces/ros2_py_ws/install/udemy_ros2_pkg/lib/python3.12/site-packages/scripts-0.0.0-py3.12.egg-info/PKG-INFO
[0.303s] -- Up-to-date symlink: /home/g_g/workspaces/ros2_py_ws/install/udemy_ros2_pkg/lib/python3.12/site-packages/scripts-0.0.0-py3.12.egg-info/SOURCES.txt
[0.303s] -- Up-to-date symlink: /home/g_g/workspaces/ros2_py_ws/install/udemy_ros2_pkg/lib/python3.12/site-packages/scripts-0.0.0-py3.12.egg-info/dependency_links.txt
[0.303s] -- Up-to-date symlink: /home/g_g/workspaces/ros2_py_ws/install/udemy_ros2_pkg/lib/python3.12/site-packages/scripts-0.0.0-py3.12.egg-info/top_level.txt
[0.303s] -- Up-to-date symlink: /home/g_g/workspaces/ros2_py_ws/install/udemy_ros2_pkg/lib/python3.12/site-packages/scripts/__init__.py
[0.304s] -- Up-to-date symlink: /home/g_g/workspaces/ros2_py_ws/install/udemy_ros2_pkg/lib/python3.12/site-packages/scripts/publisher.py
[0.304s] -- Up-to-date symlink: /home/g_g/workspaces/ros2_py_ws/install/udemy_ros2_pkg/lib/python3.12/site-packages/scripts/rpm_pub.py
[0.304s] -- Up-to-date symlink: /home/g_g/workspaces/ros2_py_ws/install/udemy_ros2_pkg/lib/python3.12/site-packages/scripts/speed_calc.py
[0.304s] -- Up-to-date symlink: /home/g_g/workspaces/ros2_py_ws/install/udemy_ros2_pkg/lib/python3.12/site-packages/scripts/subscriber.py
[0.304s] -- Up-to-date symlink: /home/g_g/workspaces/ros2_py_ws/install/udemy_ros2_pkg/lib/udemy_ros2_pkg/publisher.py
[0.304s] -- Up-to-date symlink: /home/g_g/workspaces/ros2_py_ws/install/udemy_ros2_pkg/lib/udemy_ros2_pkg/subscriber.py
[0.304s] -- Up-to-date symlink: /home/g_g/workspaces/ros2_py_ws/install/udemy_ros2_pkg/lib/udemy_ros2_pkg/rpm_pub.py
[0.304s] -- Up-to-date symlink: /home/g_g/workspaces/ros2_py_ws/install/udemy_ros2_pkg/lib/udemy_ros2_pkg/speed_calc.py
[0.304s] -- Symlinking: /home/g_g/workspaces/ros2_py_ws/install/udemy_ros2_pkg/share/udemy_ros2_pkg/launch/rpm_node.launch.py
[0.308s] -- Up-to-date symlink: /home/g_g/workspaces/ros2_py_ws/install/udemy_ros2_pkg/share/ament_index/resource_index/package_run_dependencies/udemy_ros2_pkg
[0.309s] -- Up-to-date symlink: /home/g_g/workspaces/ros2_py_ws/install/udemy_ros2_pkg/share/ament_index/resource_index/parent_prefix_path/udemy_ros2_pkg
[0.309s] -- Up-to-date symlink: /home/g_g/workspaces/ros2_py_ws/install/udemy_ros2_pkg/share/udemy_ros2_pkg/environment/ament_prefix_path.sh
[0.310s] -- Up-to-date symlink: /home/g_g/workspaces/ros2_py_ws/install/udemy_ros2_pkg/share/udemy_ros2_pkg/environment/ament_prefix_path.dsv
[0.310s] -- Up-to-date symlink: /home/g_g/workspaces/ros2_py_ws/install/udemy_ros2_pkg/share/udemy_ros2_pkg/environment/path.sh
[0.311s] -- Up-to-date symlink: /home/g_g/workspaces/ros2_py_ws/install/udemy_ros2_pkg/share/udemy_ros2_pkg/environment/path.dsv
[0.311s] -- Up-to-date symlink: /home/g_g/workspaces/ros2_py_ws/install/udemy_ros2_pkg/share/udemy_ros2_pkg/local_setup.bash
[0.312s] -- Up-to-date symlink: /home/g_g/workspaces/ros2_py_ws/install/udemy_ros2_pkg/share/udemy_ros2_pkg/local_setup.sh
[0.312s] -- Up-to-date symlink: /home/g_g/workspaces/ros2_py_ws/install/udemy_ros2_pkg/share/udemy_ros2_pkg/local_setup.zsh
[0.312s] -- Up-to-date symlink: /home/g_g/workspaces/ros2_py_ws/install/udemy_ros2_pkg/share/udemy_ros2_pkg/local_setup.dsv
[0.312s] -- Symlinking: /home/g_g/workspaces/ros2_py_ws/install/udemy_ros2_pkg/share/udemy_ros2_pkg/package.dsv
[0.316s] -- Up-to-date symlink: /home/g_g/workspaces/ros2_py_ws/install/udemy_ros2_pkg/share/ament_index/resource_index/packages/udemy_ros2_pkg
[0.317s] -- Up-to-date symlink: /home/g_g/workspaces/ros2_py_ws/install/udemy_ros2_pkg/share/udemy_ros2_pkg/cmake/udemy_ros2_pkgConfig.cmake
[0.317s] -- Up-to-date symlink: /home/g_g/workspaces/ros2_py_ws/install/udemy_ros2_pkg/share/udemy_ros2_pkg/cmake/udemy_ros2_pkgConfig-version.cmake
[0.318s] -- Up-to-date symlink: /home/g_g/workspaces/ros2_py_ws/install/udemy_ros2_pkg/share/udemy_ros2_pkg/package.xml
[0.344s] Listing '/home/g_g/workspaces/ros2_py_ws/install/udemy_ros2_pkg/lib/python3.12/site-packages/scripts'...
[0.344s] Compiling '/home/g_g/workspaces/ros2_py_ws/install/udemy_ros2_pkg/lib/python3.12/site-packages/scripts/speed_calc.py'...
[0.349s] Invoked command in '/home/g_g/workspaces/ros2_py_ws/build/udemy_ros2_pkg' returned '0': CMAKE_PREFIX_PATH=${CMAKE_PREFIX_PATH}:/opt/ros/jazzy DEBUGINFOD_URLS=https://debuginfod.ubuntu.com /usr/bin/cmake --install /home/g_g/workspaces/ros2_py_ws/build/udemy_ros2_pkg
