[0.000000] (-) TimerEvent: {}
[0.000427] (my_py_pkg) JobQueued: {'identifier': 'my_py_pkg', 'dependencies': OrderedDict()}
[0.000456] (udemy_ros2_pkg) JobQueued: {'identifier': 'udemy_ros2_pkg', 'dependencies': OrderedDict()}
[0.000468] (my_py_pkg) JobStarted: {'identifier': 'my_py_pkg'}
[0.007507] (udemy_ros2_pkg) JobStarted: {'identifier': 'udemy_ros2_pkg'}
[0.099863] (-) TimerEvent: {}
[0.128416] (udemy_ros2_pkg) JobProgress: {'identifier': 'udemy_ros2_pkg', 'progress': 'cmake'}
[0.129210] (udemy_ros2_pkg) JobProgress: {'identifier': 'udemy_ros2_pkg', 'progress': 'build'}
[0.129596] (udemy_ros2_pkg) Command: {'cmd': ['/usr/bin/cmake', '--build', '/home/g_g/workspaces/ros2_py_ws/build/udemy_ros2_pkg', '--', '-j4', '-l4'], 'cwd': '/home/g_g/workspaces/ros2_py_ws/build/udemy_ros2_pkg', 'env': OrderedDict({'GJS_DEBUG_TOPICS': 'JS ERROR;JS LOG', 'LESSOPEN': '| /usr/bin/lesspipe %s', 'USER': 'g_g', 'XDG_SESSION_TYPE': 'wayland', 'GIT_ASKPASS': '/usr/share/code/resources/app/extensions/git/dist/askpass.sh', 'SHLVL': '1', 'LD_LIBRARY_PATH': '/opt/ros/jazzy/opt/rviz_ogre_vendor/lib:/opt/ros/jazzy/lib/aarch64-linux-gnu:/opt/ros/jazzy/opt/gz_math_vendor/lib:/opt/ros/jazzy/opt/gz_utils_vendor/lib:/opt/ros/jazzy/opt/gz_cmake_vendor/lib:/opt/ros/jazzy/lib', 'HOME': '/home/g_g', 'CHROME_DESKTOP': 'code-url-handler.desktop', 'TERM_PROGRAM_VERSION': '1.82.0', 'DESKTOP_SESSION': 'ubuntu', 'GIO_LAUNCHED_DESKTOP_FILE': '/usr/share/applications/code.desktop', 'ROS_PYTHON_VERSION': '3', 'GNOME_SHELL_SESSION_MODE': 'ubuntu', 'GTK_MODULES': 'gail:atk-bridge', 'VSCODE_GIT_ASKPASS_MAIN': '/usr/share/code/resources/app/extensions/git/dist/askpass-main.js', 'VSCODE_GIT_ASKPASS_NODE': '/usr/share/code/code', 'MANAGERPID': '2432', 'SYSTEMD_EXEC_PID': '2615', 'IM_CONFIG_CHECK_ENV': '1', 'GSM_SKIP_SSH_AGENT_WORKAROUND': 'true', 'DBUS_SESSION_BUS_ADDRESS': 'unix:path=/run/user/1000/bus', 'COLORTERM': 'truecolor', 'GIO_LAUNCHED_DESKTOP_FILE_PID': '3353', 'DEBUGINFOD_URLS': 'https://debuginfod.ubuntu.com', 'IM_CONFIG_PHASE': '1', 'WAYLAND_DISPLAY': 'wayland-0', 'ROS_DISTRO': 'jazzy', 'LOGNAME': 'g_g', 'JOURNAL_STREAM': '8:20697', '_': '/usr/bin/colcon', 'ROS_VERSION': '2', 'MEMORY_PRESSURE_WATCH': '/sys/fs/cgroup/user.slice/user-1000.slice/user@1000.service/session.slice/org.gnome.Shell@wayland.service/memory.pressure', 'XDG_SESSION_CLASS': 'user', 'USERNAME': 'g_g', 'TERM': 'xterm-256color', 'GNOME_DESKTOP_SESSION_ID': 'this-is-deprecated', 'PATH': '/opt/ros/jazzy/bin:/usr/local/sbin:/usr/local/bin:/usr/sbin:/usr/bin:/sbin:/bin:/usr/games:/usr/local/games:/snap/bin:/snap/bin', 'SESSION_MANAGER': 'local/newwave:@/tmp/.ICE-unix/2581,unix/newwave:/tmp/.ICE-unix/2581', 'INVOCATION_ID': 'eac7196ed4264fd19f4719d7508a0b4f', 'XDG_MENU_PREFIX': 'gnome-', 'GNOME_SETUP_DISPLAY': ':1', 'XDG_RUNTIME_DIR': '/run/user/1000', 'GDK_BACKEND': 'x11', 'DISPLAY': ':0', 'LANG': 'en_US.UTF-8', 'XDG_CURRENT_DESKTOP': 'Unity', 'XMODIFIERS': '@im=ibus', 'XDG_SESSION_DESKTOP': 'ubuntu', 'XAUTHORITY': '/run/user/1000/.mutter-Xwaylandauth.RI7NW2', 'LS_COLORS': '', 'VSCODE_GIT_IPC_HANDLE': '/run/user/1000/vscode-git-954b62550a.sock', 'TERM_PROGRAM': 'vscode', 'SSH_AUTH_SOCK': '/run/user/1000/keyring/ssh', 'AMENT_PREFIX_PATH': '/opt/ros/jazzy', 'ORIGINAL_XDG_CURRENT_DESKTOP': 'ubuntu:GNOME', 'SHELL': '/bin/bash', 'QT_ACCESSIBILITY': '1', 'GDMSESSION': 'ubuntu', 'LESSCLOSE': '/usr/bin/lesspipe %s %s', 'GJS_DEBUG_OUTPUT': 'stderr', 'ROS_AUTOMATIC_DISCOVERY_RANGE': 'SUBNET', 'VSCODE_GIT_ASKPASS_EXTRA_ARGS': '--ms-enable-electron-run-as-node', 'QT_IM_MODULE': 'ibus', 'PWD': '/home/g_g/workspaces/ros2_py_ws/build/udemy_ros2_pkg', 'LC_ALL': 'en_US.UTF-8', 'XDG_CONFIG_DIRS': '/etc/xdg/xdg-ubuntu:/etc/xdg', 'XDG_DATA_DIRS': '/usr/share/ubuntu:/usr/share/gnome:/usr/local/share/:/usr/share/:/var/lib/snapd/desktop', 'PYTHONPATH': '/opt/ros/jazzy/lib/python3.12/site-packages', 'COLCON': '1', 'MEMORY_PRESSURE_WRITE': 'c29tZSAyMDAwMDAgMjAwMDAwMAA=', 'CMAKE_PREFIX_PATH': '/opt/ros/jazzy/opt/gz_math_vendor:/opt/ros/jazzy/opt/gz_utils_vendor:/opt/ros/jazzy/opt/gz_cmake_vendor:/opt/ros/jazzy'}), 'shell': False}
[0.154223] (udemy_ros2_pkg) StdoutLine: {'line': b'-- Found ament_cmake: 2.5.2 (/opt/ros/jazzy/share/ament_cmake/cmake)\n'}
[0.199972] (-) TimerEvent: {}
[0.275378] (udemy_ros2_pkg) StdoutLine: {'line': b'-- Override CMake install command with custom implementation using symlinks instead of copying resources\n'}
[0.281424] (udemy_ros2_pkg) StdoutLine: {'line': b'-- Found rclpy: 7.1.2 (/opt/ros/jazzy/share/rclpy/cmake)\n'}
[0.300071] (-) TimerEvent: {}
[0.340259] (udemy_ros2_pkg) StdoutLine: {'line': b'-- Found ament_lint_auto: 0.17.1 (/opt/ros/jazzy/share/ament_lint_auto/cmake)\n'}
[0.394680] (udemy_ros2_pkg) StdoutLine: {'line': b"-- Added test 'flake8' to check Python code syntax and style conventions\n"}
[0.394951] (udemy_ros2_pkg) StdoutLine: {'line': b"-- Configured 'flake8' exclude dirs and/or files: \n"}
[0.395270] (udemy_ros2_pkg) StdoutLine: {'line': b"-- Added test 'lint_cmake' to check CMake code style\n"}
[0.395465] (udemy_ros2_pkg) StdoutLine: {'line': b"-- Added test 'pep257' to check Python code against some of the docstring style conventions in PEP 257\n"}
[0.395980] (udemy_ros2_pkg) StdoutLine: {'line': b"-- Added test 'xmllint' to check XML markup files\n"}
[0.396921] (udemy_ros2_pkg) StdoutLine: {'line': b'-- Configuring done (0.2s)\n'}
[0.400198] (-) TimerEvent: {}
[0.402367] (udemy_ros2_pkg) StdoutLine: {'line': b'-- Generating done (0.0s)\n'}
[0.403147] (udemy_ros2_pkg) StdoutLine: {'line': b'-- Build files have been written to: /home/g_g/workspaces/ros2_py_ws/build/udemy_ros2_pkg\n'}
[0.425375] (udemy_ros2_pkg) StdoutLine: {'line': b'Built target ament_cmake_python_symlink_scripts\n'}
[0.500309] (-) TimerEvent: {}
[0.537746] (udemy_ros2_pkg) StdoutLine: {'line': b'running egg_info\n'}
[0.547037] (udemy_ros2_pkg) StdoutLine: {'line': b'writing scripts.egg-info/PKG-INFO\n'}
[0.547163] (udemy_ros2_pkg) StdoutLine: {'line': b'writing dependency_links to scripts.egg-info/dependency_links.txt\n'}
[0.547196] (udemy_ros2_pkg) StdoutLine: {'line': b'writing top-level names to scripts.egg-info/top_level.txt\n'}
[0.571989] (udemy_ros2_pkg) StdoutLine: {'line': b"reading manifest file 'scripts.egg-info/SOURCES.txt'\n"}
[0.572982] (my_py_pkg) Command: {'cmd': ['/usr/bin/python3', '-W', 'ignore:setup.py install is deprecated', 'setup.py', 'develop', '--editable', '--build-directory', '/home/g_g/workspaces/ros2_py_ws/build/my_py_pkg/build', '--no-deps', 'symlink_data'], 'cwd': '/home/g_g/workspaces/ros2_py_ws/build/my_py_pkg', 'env': {'GJS_DEBUG_TOPICS': 'JS ERROR;JS LOG', 'LESSOPEN': '| /usr/bin/lesspipe %s', 'USER': 'g_g', 'XDG_SESSION_TYPE': 'wayland', 'GIT_ASKPASS': '/usr/share/code/resources/app/extensions/git/dist/askpass.sh', 'SHLVL': '1', 'LD_LIBRARY_PATH': '/opt/ros/jazzy/opt/rviz_ogre_vendor/lib:/opt/ros/jazzy/lib/aarch64-linux-gnu:/opt/ros/jazzy/opt/gz_math_vendor/lib:/opt/ros/jazzy/opt/gz_utils_vendor/lib:/opt/ros/jazzy/opt/gz_cmake_vendor/lib:/opt/ros/jazzy/lib', 'HOME': '/home/g_g', 'CHROME_DESKTOP': 'code-url-handler.desktop', 'TERM_PROGRAM_VERSION': '1.82.0', 'DESKTOP_SESSION': 'ubuntu', 'GIO_LAUNCHED_DESKTOP_FILE': '/usr/share/applications/code.desktop', 'ROS_PYTHON_VERSION': '3', 'GNOME_SHELL_SESSION_MODE': 'ubuntu', 'GTK_MODULES': 'gail:atk-bridge', 'VSCODE_GIT_ASKPASS_MAIN': '/usr/share/code/resources/app/extensions/git/dist/askpass-main.js', 'VSCODE_GIT_ASKPASS_NODE': '/usr/share/code/code', 'MANAGERPID': '2432', 'SYSTEMD_EXEC_PID': '2615', 'IM_CONFIG_CHECK_ENV': '1', 'GSM_SKIP_SSH_AGENT_WORKAROUND': 'true', 'DBUS_SESSION_BUS_ADDRESS': 'unix:path=/run/user/1000/bus', 'COLORTERM': 'truecolor', 'GIO_LAUNCHED_DESKTOP_FILE_PID': '3353', 'DEBUGINFOD_URLS': 'https://debuginfod.ubuntu.com', 'IM_CONFIG_PHASE': '1', 'WAYLAND_DISPLAY': 'wayland-0', 'ROS_DISTRO': 'jazzy', 'LOGNAME': 'g_g', 'JOURNAL_STREAM': '8:20697', '_': '/usr/bin/colcon', 'ROS_VERSION': '2', 'MEMORY_PRESSURE_WATCH': '/sys/fs/cgroup/user.slice/user-1000.slice/user@1000.service/session.slice/org.gnome.Shell@wayland.service/memory.pressure', 'XDG_SESSION_CLASS': 'user', 'USERNAME': 'g_g', 'TERM': 'xterm-256color', 'GNOME_DESKTOP_SESSION_ID': 'this-is-deprecated', 'PATH': '/opt/ros/jazzy/bin:/usr/local/sbin:/usr/local/bin:/usr/sbin:/usr/bin:/sbin:/bin:/usr/games:/usr/local/games:/snap/bin:/snap/bin', 'SESSION_MANAGER': 'local/newwave:@/tmp/.ICE-unix/2581,unix/newwave:/tmp/.ICE-unix/2581', 'INVOCATION_ID': 'eac7196ed4264fd19f4719d7508a0b4f', 'XDG_MENU_PREFIX': 'gnome-', 'GNOME_SETUP_DISPLAY': ':1', 'XDG_RUNTIME_DIR': '/run/user/1000', 'GDK_BACKEND': 'x11', 'DISPLAY': ':0', 'LANG': 'en_US.UTF-8', 'XDG_CURRENT_DESKTOP': 'Unity', 'XMODIFIERS': '@im=ibus', 'XDG_SESSION_DESKTOP': 'ubuntu', 'XAUTHORITY': '/run/user/1000/.mutter-Xwaylandauth.RI7NW2', 'LS_COLORS': '', 'VSCODE_GIT_IPC_HANDLE': '/run/user/1000/vscode-git-954b62550a.sock', 'TERM_PROGRAM': 'vscode', 'SSH_AUTH_SOCK': '/run/user/1000/keyring/ssh', 'AMENT_PREFIX_PATH': '/opt/ros/jazzy', 'ORIGINAL_XDG_CURRENT_DESKTOP': 'ubuntu:GNOME', 'SHELL': '/bin/bash', 'QT_ACCESSIBILITY': '1', 'GDMSESSION': 'ubuntu', 'LESSCLOSE': '/usr/bin/lesspipe %s %s', 'GJS_DEBUG_OUTPUT': 'stderr', 'ROS_AUTOMATIC_DISCOVERY_RANGE': 'SUBNET', 'VSCODE_GIT_ASKPASS_EXTRA_ARGS': '--ms-enable-electron-run-as-node', 'QT_IM_MODULE': 'ibus', 'PWD': '/home/g_g/workspaces/ros2_py_ws/build/my_py_pkg', 'LC_ALL': 'en_US.UTF-8', 'XDG_CONFIG_DIRS': '/etc/xdg/xdg-ubuntu:/etc/xdg', 'XDG_DATA_DIRS': '/usr/share/ubuntu:/usr/share/gnome:/usr/local/share/:/usr/share/:/var/lib/snapd/desktop', 'PYTHONPATH': '/home/g_g/workspaces/ros2_py_ws/build/my_py_pkg/prefix_override:/usr/lib/python3/dist-packages/colcon_core/task/python/colcon_distutils_commands:/home/g_g/workspaces/ros2_py_ws/install/my_py_pkg/lib/python3.12/site-packages:/opt/ros/jazzy/lib/python3.12/site-packages', 'COLCON': '1', 'MEMORY_PRESSURE_WRITE': 'c29tZSAyMDAwMDAgMjAwMDAwMAA=', 'CMAKE_PREFIX_PATH': '/opt/ros/jazzy/opt/gz_math_vendor:/opt/ros/jazzy/opt/gz_utils_vendor:/opt/ros/jazzy/opt/gz_cmake_vendor'}, 'shell': False}
[0.573867] (udemy_ros2_pkg) StdoutLine: {'line': b"writing manifest file 'scripts.egg-info/SOURCES.txt'\n"}
[0.590630] (udemy_ros2_pkg) StdoutLine: {'line': b'Built target ament_cmake_python_build_scripts_egg\n'}
[0.597690] (udemy_ros2_pkg) CommandEnded: {'returncode': 0}
[0.600408] (-) TimerEvent: {}
[0.608795] (udemy_ros2_pkg) JobProgress: {'identifier': 'udemy_ros2_pkg', 'progress': 'install'}
[0.613479] (udemy_ros2_pkg) Command: {'cmd': ['/usr/bin/cmake', '--install', '/home/g_g/workspaces/ros2_py_ws/build/udemy_ros2_pkg'], 'cwd': '/home/g_g/workspaces/ros2_py_ws/build/udemy_ros2_pkg', 'env': OrderedDict({'GJS_DEBUG_TOPICS': 'JS ERROR;JS LOG', 'LESSOPEN': '| /usr/bin/lesspipe %s', 'USER': 'g_g', 'XDG_SESSION_TYPE': 'wayland', 'GIT_ASKPASS': '/usr/share/code/resources/app/extensions/git/dist/askpass.sh', 'SHLVL': '1', 'LD_LIBRARY_PATH': '/opt/ros/jazzy/opt/rviz_ogre_vendor/lib:/opt/ros/jazzy/lib/aarch64-linux-gnu:/opt/ros/jazzy/opt/gz_math_vendor/lib:/opt/ros/jazzy/opt/gz_utils_vendor/lib:/opt/ros/jazzy/opt/gz_cmake_vendor/lib:/opt/ros/jazzy/lib', 'HOME': '/home/g_g', 'CHROME_DESKTOP': 'code-url-handler.desktop', 'TERM_PROGRAM_VERSION': '1.82.0', 'DESKTOP_SESSION': 'ubuntu', 'GIO_LAUNCHED_DESKTOP_FILE': '/usr/share/applications/code.desktop', 'ROS_PYTHON_VERSION': '3', 'GNOME_SHELL_SESSION_MODE': 'ubuntu', 'GTK_MODULES': 'gail:atk-bridge', 'VSCODE_GIT_ASKPASS_MAIN': '/usr/share/code/resources/app/extensions/git/dist/askpass-main.js', 'VSCODE_GIT_ASKPASS_NODE': '/usr/share/code/code', 'MANAGERPID': '2432', 'SYSTEMD_EXEC_PID': '2615', 'IM_CONFIG_CHECK_ENV': '1', 'GSM_SKIP_SSH_AGENT_WORKAROUND': 'true', 'DBUS_SESSION_BUS_ADDRESS': 'unix:path=/run/user/1000/bus', 'COLORTERM': 'truecolor', 'GIO_LAUNCHED_DESKTOP_FILE_PID': '3353', 'DEBUGINFOD_URLS': 'https://debuginfod.ubuntu.com', 'IM_CONFIG_PHASE': '1', 'WAYLAND_DISPLAY': 'wayland-0', 'ROS_DISTRO': 'jazzy', 'LOGNAME': 'g_g', 'JOURNAL_STREAM': '8:20697', '_': '/usr/bin/colcon', 'ROS_VERSION': '2', 'MEMORY_PRESSURE_WATCH': '/sys/fs/cgroup/user.slice/user-1000.slice/user@1000.service/session.slice/org.gnome.Shell@wayland.service/memory.pressure', 'XDG_SESSION_CLASS': 'user', 'USERNAME': 'g_g', 'TERM': 'xterm-256color', 'GNOME_DESKTOP_SESSION_ID': 'this-is-deprecated', 'PATH': '/opt/ros/jazzy/bin:/usr/local/sbin:/usr/local/bin:/usr/sbin:/usr/bin:/sbin:/bin:/usr/games:/usr/local/games:/snap/bin:/snap/bin', 'SESSION_MANAGER': 'local/newwave:@/tmp/.ICE-unix/2581,unix/newwave:/tmp/.ICE-unix/2581', 'INVOCATION_ID': 'eac7196ed4264fd19f4719d7508a0b4f', 'XDG_MENU_PREFIX': 'gnome-', 'GNOME_SETUP_DISPLAY': ':1', 'XDG_RUNTIME_DIR': '/run/user/1000', 'GDK_BACKEND': 'x11', 'DISPLAY': ':0', 'LANG': 'en_US.UTF-8', 'XDG_CURRENT_DESKTOP': 'Unity', 'XMODIFIERS': '@im=ibus', 'XDG_SESSION_DESKTOP': 'ubuntu', 'XAUTHORITY': '/run/user/1000/.mutter-Xwaylandauth.RI7NW2', 'LS_COLORS': '', 'VSCODE_GIT_IPC_HANDLE': '/run/user/1000/vscode-git-954b62550a.sock', 'TERM_PROGRAM': 'vscode', 'SSH_AUTH_SOCK': '/run/user/1000/keyring/ssh', 'AMENT_PREFIX_PATH': '/opt/ros/jazzy', 'ORIGINAL_XDG_CURRENT_DESKTOP': 'ubuntu:GNOME', 'SHELL': '/bin/bash', 'QT_ACCESSIBILITY': '1', 'GDMSESSION': 'ubuntu', 'LESSCLOSE': '/usr/bin/lesspipe %s %s', 'GJS_DEBUG_OUTPUT': 'stderr', 'ROS_AUTOMATIC_DISCOVERY_RANGE': 'SUBNET', 'VSCODE_GIT_ASKPASS_EXTRA_ARGS': '--ms-enable-electron-run-as-node', 'QT_IM_MODULE': 'ibus', 'PWD': '/home/g_g/workspaces/ros2_py_ws/build/udemy_ros2_pkg', 'LC_ALL': 'en_US.UTF-8', 'XDG_CONFIG_DIRS': '/etc/xdg/xdg-ubuntu:/etc/xdg', 'XDG_DATA_DIRS': '/usr/share/ubuntu:/usr/share/gnome:/usr/local/share/:/usr/share/:/var/lib/snapd/desktop', 'PYTHONPATH': '/opt/ros/jazzy/lib/python3.12/site-packages', 'COLCON': '1', 'MEMORY_PRESSURE_WRITE': 'c29tZSAyMDAwMDAgMjAwMDAwMAA=', 'CMAKE_PREFIX_PATH': '/opt/ros/jazzy/opt/gz_math_vendor:/opt/ros/jazzy/opt/gz_utils_vendor:/opt/ros/jazzy/opt/gz_cmake_vendor:/opt/ros/jazzy'}), 'shell': False}
[0.618074] (udemy_ros2_pkg) StdoutLine: {'line': b'-- Install configuration: ""\n'}
[0.619015] (udemy_ros2_pkg) StdoutLine: {'line': b'-- Execute custom install script\n'}
[0.619067] (udemy_ros2_pkg) StdoutLine: {'line': b'-- Up-to-date symlink: /home/g_g/workspaces/ros2_py_ws/install/udemy_ros2_pkg/share/udemy_ros2_pkg/environment/pythonpath.sh\n'}
[0.619097] (udemy_ros2_pkg) StdoutLine: {'line': b'-- Up-to-date symlink: /home/g_g/workspaces/ros2_py_ws/install/udemy_ros2_pkg/share/udemy_ros2_pkg/environment/pythonpath.dsv\n'}
[0.619987] (udemy_ros2_pkg) StdoutLine: {'line': b'-- Up-to-date symlink: /home/g_g/workspaces/ros2_py_ws/install/udemy_ros2_pkg/lib/python3.12/site-packages/scripts-0.0.0-py3.12.egg-info/PKG-INFO\n'}
[0.620255] (udemy_ros2_pkg) StdoutLine: {'line': b'-- Up-to-date symlink: /home/g_g/workspaces/ros2_py_ws/install/udemy_ros2_pkg/lib/python3.12/site-packages/scripts-0.0.0-py3.12.egg-info/SOURCES.txt\n'}
[0.620733] (udemy_ros2_pkg) StdoutLine: {'line': b'-- Up-to-date symlink: /home/g_g/workspaces/ros2_py_ws/install/udemy_ros2_pkg/lib/python3.12/site-packages/scripts-0.0.0-py3.12.egg-info/dependency_links.txt\n'}
[0.621084] (udemy_ros2_pkg) StdoutLine: {'line': b'-- Up-to-date symlink: /home/g_g/workspaces/ros2_py_ws/install/udemy_ros2_pkg/lib/python3.12/site-packages/scripts-0.0.0-py3.12.egg-info/top_level.txt\n'}
[0.621365] (udemy_ros2_pkg) StdoutLine: {'line': b'-- Up-to-date symlink: /home/g_g/workspaces/ros2_py_ws/install/udemy_ros2_pkg/lib/python3.12/site-packages/scripts/__init__.py\n'}
[0.621433] (udemy_ros2_pkg) StdoutLine: {'line': b'-- Up-to-date symlink: /home/g_g/workspaces/ros2_py_ws/install/udemy_ros2_pkg/lib/python3.12/site-packages/scripts/publisher.py\n'}
[0.621497] (udemy_ros2_pkg) StdoutLine: {'line': b'-- Up-to-date symlink: /home/g_g/workspaces/ros2_py_ws/install/udemy_ros2_pkg/lib/python3.12/site-packages/scripts/rpm_pub.py\n'}
[0.621547] (udemy_ros2_pkg) StdoutLine: {'line': b'-- Symlinking: /home/g_g/workspaces/ros2_py_ws/install/udemy_ros2_pkg/lib/python3.12/site-packages/scripts/speed_calc.py\n'}
[0.626017] (udemy_ros2_pkg) StdoutLine: {'line': b'-- Up-to-date symlink: /home/g_g/workspaces/ros2_py_ws/install/udemy_ros2_pkg/lib/python3.12/site-packages/scripts/subscriber.py\n'}
[0.626362] (udemy_ros2_pkg) StdoutLine: {'line': b'-- Up-to-date symlink: /home/g_g/workspaces/ros2_py_ws/install/udemy_ros2_pkg/lib/udemy_ros2_pkg/publisher.py\n'}
[0.626420] (udemy_ros2_pkg) StdoutLine: {'line': b'-- Up-to-date symlink: /home/g_g/workspaces/ros2_py_ws/install/udemy_ros2_pkg/lib/udemy_ros2_pkg/subscriber.py\n'}
[0.626450] (udemy_ros2_pkg) StdoutLine: {'line': b'-- Up-to-date symlink: /home/g_g/workspaces/ros2_py_ws/install/udemy_ros2_pkg/lib/udemy_ros2_pkg/rpm_pub.py\n'}
[0.626485] (udemy_ros2_pkg) StdoutLine: {'line': b'-- Symlinking: /home/g_g/workspaces/ros2_py_ws/install/udemy_ros2_pkg/lib/udemy_ros2_pkg/speed_calc.py\n'}
[0.631068] (udemy_ros2_pkg) StdoutLine: {'line': b'-- Up-to-date symlink: /home/g_g/workspaces/ros2_py_ws/install/udemy_ros2_pkg/share/ament_index/resource_index/package_run_dependencies/udemy_ros2_pkg\n'}
[0.631594] (udemy_ros2_pkg) StdoutLine: {'line': b'-- Up-to-date symlink: /home/g_g/workspaces/ros2_py_ws/install/udemy_ros2_pkg/share/ament_index/resource_index/parent_prefix_path/udemy_ros2_pkg\n'}
[0.631708] (udemy_ros2_pkg) StdoutLine: {'line': b'-- Up-to-date symlink: /home/g_g/workspaces/ros2_py_ws/install/udemy_ros2_pkg/share/udemy_ros2_pkg/environment/ament_prefix_path.sh\n'}
[0.631749] (udemy_ros2_pkg) StdoutLine: {'line': b'-- Up-to-date symlink: /home/g_g/workspaces/ros2_py_ws/install/udemy_ros2_pkg/share/udemy_ros2_pkg/environment/ament_prefix_path.dsv\n'}
[0.631776] (udemy_ros2_pkg) StdoutLine: {'line': b'-- Up-to-date symlink: /home/g_g/workspaces/ros2_py_ws/install/udemy_ros2_pkg/share/udemy_ros2_pkg/environment/path.sh\n'}
[0.631824] (udemy_ros2_pkg) StdoutLine: {'line': b'-- Up-to-date symlink: /home/g_g/workspaces/ros2_py_ws/install/udemy_ros2_pkg/share/udemy_ros2_pkg/environment/path.dsv\n'}
[0.631860] (udemy_ros2_pkg) StdoutLine: {'line': b'-- Up-to-date symlink: /home/g_g/workspaces/ros2_py_ws/install/udemy_ros2_pkg/share/udemy_ros2_pkg/local_setup.bash\n'}
[0.632325] (udemy_ros2_pkg) StdoutLine: {'line': b'-- Up-to-date symlink: /home/g_g/workspaces/ros2_py_ws/install/udemy_ros2_pkg/share/udemy_ros2_pkg/local_setup.sh\n'}
[0.632395] (udemy_ros2_pkg) StdoutLine: {'line': b'-- Up-to-date symlink: /home/g_g/workspaces/ros2_py_ws/install/udemy_ros2_pkg/share/udemy_ros2_pkg/local_setup.zsh\n'}
[0.632427] (udemy_ros2_pkg) StdoutLine: {'line': b'-- Up-to-date symlink: /home/g_g/workspaces/ros2_py_ws/install/udemy_ros2_pkg/share/udemy_ros2_pkg/local_setup.dsv\n'}
[0.632455] (udemy_ros2_pkg) StdoutLine: {'line': b'-- Symlinking: /home/g_g/workspaces/ros2_py_ws/install/udemy_ros2_pkg/share/udemy_ros2_pkg/package.dsv\n'}
[0.636749] (udemy_ros2_pkg) StdoutLine: {'line': b'-- Up-to-date symlink: /home/g_g/workspaces/ros2_py_ws/install/udemy_ros2_pkg/share/ament_index/resource_index/packages/udemy_ros2_pkg\n'}
[0.636919] (udemy_ros2_pkg) StdoutLine: {'line': b'-- Up-to-date symlink: /home/g_g/workspaces/ros2_py_ws/install/udemy_ros2_pkg/share/udemy_ros2_pkg/cmake/udemy_ros2_pkgConfig.cmake\n'}
[0.636951] (udemy_ros2_pkg) StdoutLine: {'line': b'-- Up-to-date symlink: /home/g_g/workspaces/ros2_py_ws/install/udemy_ros2_pkg/share/udemy_ros2_pkg/cmake/udemy_ros2_pkgConfig-version.cmake\n'}
[0.636979] (udemy_ros2_pkg) StdoutLine: {'line': b'-- Up-to-date symlink: /home/g_g/workspaces/ros2_py_ws/install/udemy_ros2_pkg/share/udemy_ros2_pkg/package.xml\n'}
[0.658917] (udemy_ros2_pkg) StdoutLine: {'line': b"Listing '/home/g_g/workspaces/ros2_py_ws/install/udemy_ros2_pkg/lib/python3.12/site-packages/scripts'...\n"}
[0.659016] (udemy_ros2_pkg) StdoutLine: {'line': b"Compiling '/home/g_g/workspaces/ros2_py_ws/install/udemy_ros2_pkg/lib/python3.12/site-packages/scripts/rpm_pub.py'...\n"}
[0.659049] (udemy_ros2_pkg) StdoutLine: {'line': b"Compiling '/home/g_g/workspaces/ros2_py_ws/install/udemy_ros2_pkg/lib/python3.12/site-packages/scripts/speed_calc.py'...\n"}
[0.663726] (udemy_ros2_pkg) CommandEnded: {'returncode': 0}
[0.687172] (udemy_ros2_pkg) JobEnded: {'identifier': 'udemy_ros2_pkg', 'rc': 0}
[0.701213] (-) TimerEvent: {}
[0.725010] (my_py_pkg) StdoutLine: {'line': b'running develop\n'}
[0.725525] (my_py_pkg) StderrLine: {'line': b'/usr/lib/python3/dist-packages/setuptools/command/develop.py:40: EasyInstallDeprecationWarning: easy_install command is deprecated.\n'}
[0.725601] (my_py_pkg) StderrLine: {'line': b'!!\n'}
[0.725631] (my_py_pkg) StderrLine: {'line': b'\n'}
[0.725658] (my_py_pkg) StderrLine: {'line': b'        ********************************************************************************\n'}
[0.725684] (my_py_pkg) StderrLine: {'line': b'        Please avoid running ``setup.py`` and ``easy_install``.\n'}
[0.725709] (my_py_pkg) StderrLine: {'line': b'        Instead, use pypa/build, pypa/installer or other\n'}
[0.725734] (my_py_pkg) StderrLine: {'line': b'        standards-based tools.\n'}
[0.725757] (my_py_pkg) StderrLine: {'line': b'\n'}
[0.725781] (my_py_pkg) StderrLine: {'line': b'        See https://github.com/pypa/setuptools/issues/917 for details.\n'}
[0.725814] (my_py_pkg) StderrLine: {'line': b'        ********************************************************************************\n'}
[0.727692] (my_py_pkg) StderrLine: {'line': b'\n'}
[0.727720] (my_py_pkg) StderrLine: {'line': b'!!\n'}
[0.727744] (my_py_pkg) StderrLine: {'line': b'  easy_install.initialize_options(self)\n'}
[0.801442] (-) TimerEvent: {}
[0.815300] (my_py_pkg) StdoutLine: {'line': b'running egg_info\n'}
[0.822694] (my_py_pkg) StdoutLine: {'line': b'writing my_py_pkg.egg-info/PKG-INFO\n'}
[0.822842] (my_py_pkg) StdoutLine: {'line': b'writing dependency_links to my_py_pkg.egg-info/dependency_links.txt\n'}
[0.822971] (my_py_pkg) StdoutLine: {'line': b'writing entry points to my_py_pkg.egg-info/entry_points.txt\n'}
[0.823133] (my_py_pkg) StdoutLine: {'line': b'writing requirements to my_py_pkg.egg-info/requires.txt\n'}
[0.823176] (my_py_pkg) StdoutLine: {'line': b'writing top-level names to my_py_pkg.egg-info/top_level.txt\n'}
[0.841538] (my_py_pkg) StdoutLine: {'line': b"reading manifest file 'my_py_pkg.egg-info/SOURCES.txt'\n"}
[0.842131] (my_py_pkg) StdoutLine: {'line': b"writing manifest file 'my_py_pkg.egg-info/SOURCES.txt'\n"}
[0.849746] (my_py_pkg) StdoutLine: {'line': b'running build_ext\n'}
[0.849835] (my_py_pkg) StdoutLine: {'line': b'Creating /home/g_g/workspaces/ros2_py_ws/install/my_py_pkg/lib/python3.12/site-packages/my-py-pkg.egg-link (link to .)\n'}
[0.850141] (my_py_pkg) StdoutLine: {'line': b'Installing my_publisher script to /home/g_g/workspaces/ros2_py_ws/install/my_py_pkg/lib/my_py_pkg\n'}
[0.850459] (my_py_pkg) StdoutLine: {'line': b'Installing my_subscriber script to /home/g_g/workspaces/ros2_py_ws/install/my_py_pkg/lib/my_py_pkg\n'}
[0.850659] (my_py_pkg) StdoutLine: {'line': b'\n'}
[0.850724] (my_py_pkg) StdoutLine: {'line': b'Installed /home/g_g/workspaces/ros2_py_ws/build/my_py_pkg\n'}
[0.850832] (my_py_pkg) StdoutLine: {'line': b'running symlink_data\n'}
[0.869845] (my_py_pkg) CommandEnded: {'returncode': 0}
[0.873765] (my_py_pkg) JobEnded: {'identifier': 'my_py_pkg', 'rc': 0}
[0.874568] (-) EventReactorShutdown: {}
