[0.466s] Invoking command in '/home/g_g/workspaces/ros2_py_ws/build/my_py_pkg': DEBUGINFOD_URLS=https://debuginfod.ubuntu.com PYTHONPATH=/home/g_g/workspaces/ros2_py_ws/build/my_py_pkg/prefix_override:/usr/lib/python3/dist-packages/colcon_core/task/python/colcon_distutils_commands:/home/g_g/workspaces/ros2_py_ws/install/my_py_pkg/lib/python3.12/site-packages:${PYTHONPATH} /usr/bin/python3 -W ignore:setup.py install is deprecated setup.py develop --editable --build-directory /home/g_g/workspaces/ros2_py_ws/build/my_py_pkg/build --no-deps symlink_data
[0.641s] running develop
[0.641s] /usr/lib/python3/dist-packages/setuptools/command/develop.py:40: EasyInstallDeprecationWarning: easy_install command is deprecated.
[0.641s] !!
[0.641s] 
[0.641s]         ********************************************************************************
[0.641s]         Please avoid running ``setup.py`` and ``easy_install``.
[0.641s]         Instead, use pypa/build, pypa/installer or other
[0.641s]         standards-based tools.
[0.641s] 
[0.641s]         See https://github.com/pypa/setuptools/issues/917 for details.
[0.641s]         ********************************************************************************
[0.641s] 
[0.641s] !!
[0.641s]   easy_install.initialize_options(self)
[0.732s] running egg_info
[0.740s] writing my_py_pkg.egg-info/PKG-INFO
[0.740s] writing dependency_links to my_py_pkg.egg-info/dependency_links.txt
[0.740s] writing entry points to my_py_pkg.egg-info/entry_points.txt
[0.740s] writing requirements to my_py_pkg.egg-info/requires.txt
[0.740s] writing top-level names to my_py_pkg.egg-info/top_level.txt
[0.757s] reading manifest file 'my_py_pkg.egg-info/SOURCES.txt'
[0.757s] writing manifest file 'my_py_pkg.egg-info/SOURCES.txt'
[0.767s] running build_ext
[0.767s] Creating /home/g_g/workspaces/ros2_py_ws/install/my_py_pkg/lib/python3.12/site-packages/my-py-pkg.egg-link (link to .)
[0.768s] Installing my_publisher script to /home/g_g/workspaces/ros2_py_ws/install/my_py_pkg/lib/my_py_pkg
[0.768s] Installing my_subscriber script to /home/g_g/workspaces/ros2_py_ws/install/my_py_pkg/lib/my_py_pkg
[0.768s] 
[0.768s] Installed /home/g_g/workspaces/ros2_py_ws/build/my_py_pkg
[0.768s] running symlink_data
[0.786s] Invoked command in '/home/g_g/workspaces/ros2_py_ws/build/my_py_pkg' returned '0': DEBUGINFOD_URLS=https://debuginfod.ubuntu.com PYTHONPATH=/home/g_g/workspaces/ros2_py_ws/build/my_py_pkg/prefix_override:/usr/lib/python3/dist-packages/colcon_core/task/python/colcon_distutils_commands:/home/g_g/workspaces/ros2_py_ws/install/my_py_pkg/lib/python3.12/site-packages:${PYTHONPATH} /usr/bin/python3 -W ignore:setup.py install is deprecated setup.py develop --editable --build-directory /home/g_g/workspaces/ros2_py_ws/build/my_py_pkg/build --no-deps symlink_data
