[0.007s] Invoking command in '/home/g_g/workspaces/ros2_py_ws/build/udemy_ros2_pkg': CMAKE_PREFIX_PATH=${CMAKE_PREFIX_PATH}:/opt/ros/jazzy DEBUGINFOD_URLS=https://debuginfod.ubuntu.com /usr/bin/cmake --build /home/g_g/workspaces/ros2_py_ws/build/udemy_ros2_pkg -- -j4 -l4
[0.031s] -- Found ament_cmake: 2.5.2 (/opt/ros/jazzy/share/ament_cmake/cmake)
[0.155s] -- Override CMake install command with custom implementation using symlinks instead of copying resources
[0.160s] -- Found rclpy: 7.1.2 (/opt/ros/jazzy/share/rclpy/cmake)
[0.210s] -- Found ament_lint_auto: 0.17.1 (/opt/ros/jazzy/share/ament_lint_auto/cmake)
[0.261s] -- Added test 'flake8' to check Python code syntax and style conventions
[0.261s] -- Configured 'flake8' exclude dirs and/or files: 
[0.261s] -- Added test 'lint_cmake' to check CMake code style
[0.261s] -- Added test 'pep257' to check Python code against some of the docstring style conventions in PEP 257
[0.262s] -- Added test 'xmllint' to check XML markup files
[0.262s] -- Configuring done (0.2s)
[0.265s] -- Generating done (0.0s)
[0.266s] -- Build files have been written to: /home/g_g/workspaces/ros2_py_ws/build/udemy_ros2_pkg
[0.287s] Built target ament_cmake_python_symlink_scripts
[0.388s] running egg_info
[0.397s] writing scripts.egg-info/PKG-INFO
[0.397s] writing dependency_links to scripts.egg-info/dependency_links.txt
[0.397s] writing top-level names to scripts.egg-info/top_level.txt
[0.419s] reading manifest file 'scripts.egg-info/SOURCES.txt'
[0.420s] writing manifest file 'scripts.egg-info/SOURCES.txt'
[0.438s] Built target ament_cmake_python_build_scripts_egg
[0.444s] Invoked command in '/home/g_g/workspaces/ros2_py_ws/build/udemy_ros2_pkg' returned '0': CMAKE_PREFIX_PATH=${CMAKE_PREFIX_PATH}:/opt/ros/jazzy DEBUGINFOD_URLS=https://debuginfod.ubuntu.com /usr/bin/cmake --build /home/g_g/workspaces/ros2_py_ws/build/udemy_ros2_pkg -- -j4 -l4
[0.461s] Invoking command in '/home/g_g/workspaces/ros2_py_ws/build/udemy_ros2_pkg': CMAKE_PREFIX_PATH=${CMAKE_PREFIX_PATH}:/opt/ros/jazzy DEBUGINFOD_URLS=https://debuginfod.ubuntu.com /usr/bin/cmake --install /home/g_g/workspaces/ros2_py_ws/build/udemy_ros2_pkg
[0.465s] -- Install configuration: ""
[0.465s] -- Execute custom install script
[0.465s] -- Up-to-date symlink: /home/g_g/workspaces/ros2_py_ws/install/udemy_ros2_pkg/share/udemy_ros2_pkg/environment/pythonpath.sh
[0.465s] -- Up-to-date symlink: /home/g_g/workspaces/ros2_py_ws/install/udemy_ros2_pkg/share/udemy_ros2_pkg/environment/pythonpath.dsv
[0.465s] -- Up-to-date symlink: /home/g_g/workspaces/ros2_py_ws/install/udemy_ros2_pkg/lib/python3.12/site-packages/scripts-0.0.0-py3.12.egg-info/PKG-INFO
[0.465s] -- Up-to-date symlink: /home/g_g/workspaces/ros2_py_ws/install/udemy_ros2_pkg/lib/python3.12/site-packages/scripts-0.0.0-py3.12.egg-info/SOURCES.txt
[0.466s] -- Up-to-date symlink: /home/g_g/workspaces/ros2_py_ws/install/udemy_ros2_pkg/lib/python3.12/site-packages/scripts-0.0.0-py3.12.egg-info/dependency_links.txt
[0.466s] -- Up-to-date symlink: /home/g_g/workspaces/ros2_py_ws/install/udemy_ros2_pkg/lib/python3.12/site-packages/scripts-0.0.0-py3.12.egg-info/top_level.txt
[0.466s] -- Up-to-date symlink: /home/g_g/workspaces/ros2_py_ws/install/udemy_ros2_pkg/lib/python3.12/site-packages/scripts/__init__.py
[0.466s] -- Up-to-date symlink: /home/g_g/workspaces/ros2_py_ws/install/udemy_ros2_pkg/lib/python3.12/site-packages/scripts/publisher.py
[0.466s] -- Up-to-date symlink: /home/g_g/workspaces/ros2_py_ws/install/udemy_ros2_pkg/lib/python3.12/site-packages/scripts/rpm_pub.py
[0.466s] -- Up-to-date symlink: /home/g_g/workspaces/ros2_py_ws/install/udemy_ros2_pkg/lib/python3.12/site-packages/scripts/speed_calc.py
[0.466s] -- Up-to-date symlink: /home/g_g/workspaces/ros2_py_ws/install/udemy_ros2_pkg/lib/python3.12/site-packages/scripts/subscriber.py
[0.466s] -- Up-to-date symlink: /home/g_g/workspaces/ros2_py_ws/install/udemy_ros2_pkg/lib/udemy_ros2_pkg/publisher.py
[0.466s] -- Up-to-date symlink: /home/g_g/workspaces/ros2_py_ws/install/udemy_ros2_pkg/lib/udemy_ros2_pkg/subscriber.py
[0.466s] -- Up-to-date symlink: /home/g_g/workspaces/ros2_py_ws/install/udemy_ros2_pkg/lib/udemy_ros2_pkg/rpm_pub.py
[0.466s] -- Up-to-date symlink: /home/g_g/workspaces/ros2_py_ws/install/udemy_ros2_pkg/lib/udemy_ros2_pkg/speed_calc.py
[0.466s] -- Up-to-date symlink: /home/g_g/workspaces/ros2_py_ws/install/udemy_ros2_pkg/share/udemy_ros2_pkg/launch/rpm_node.launch.py
[0.467s] -- Up-to-date symlink: /home/g_g/workspaces/ros2_py_ws/install/udemy_ros2_pkg/share/ament_index/resource_index/package_run_dependencies/udemy_ros2_pkg
[0.467s] -- Up-to-date symlink: /home/g_g/workspaces/ros2_py_ws/install/udemy_ros2_pkg/share/ament_index/resource_index/parent_prefix_path/udemy_ros2_pkg
[0.467s] -- Up-to-date symlink: /home/g_g/workspaces/ros2_py_ws/install/udemy_ros2_pkg/share/udemy_ros2_pkg/environment/ament_prefix_path.sh
[0.467s] -- Up-to-date symlink: /home/g_g/workspaces/ros2_py_ws/install/udemy_ros2_pkg/share/udemy_ros2_pkg/environment/ament_prefix_path.dsv
[0.467s] -- Up-to-date symlink: /home/g_g/workspaces/ros2_py_ws/install/udemy_ros2_pkg/share/udemy_ros2_pkg/environment/path.sh
[0.467s] -- Up-to-date symlink: /home/g_g/workspaces/ros2_py_ws/install/udemy_ros2_pkg/share/udemy_ros2_pkg/environment/path.dsv
[0.467s] -- Up-to-date symlink: /home/g_g/workspaces/ros2_py_ws/install/udemy_ros2_pkg/share/udemy_ros2_pkg/local_setup.bash
[0.467s] -- Up-to-date symlink: /home/g_g/workspaces/ros2_py_ws/install/udemy_ros2_pkg/share/udemy_ros2_pkg/local_setup.sh
[0.467s] -- Up-to-date symlink: /home/g_g/workspaces/ros2_py_ws/install/udemy_ros2_pkg/share/udemy_ros2_pkg/local_setup.zsh
[0.467s] -- Up-to-date symlink: /home/g_g/workspaces/ros2_py_ws/install/udemy_ros2_pkg/share/udemy_ros2_pkg/local_setup.dsv
[0.467s] -- Symlinking: /home/g_g/workspaces/ros2_py_ws/install/udemy_ros2_pkg/share/udemy_ros2_pkg/package.dsv
[0.473s] -- Up-to-date symlink: /home/g_g/workspaces/ros2_py_ws/install/udemy_ros2_pkg/share/ament_index/resource_index/packages/udemy_ros2_pkg
[0.473s] -- Up-to-date symlink: /home/g_g/workspaces/ros2_py_ws/install/udemy_ros2_pkg/share/udemy_ros2_pkg/cmake/udemy_ros2_pkgConfig.cmake
[0.473s] -- Up-to-date symlink: /home/g_g/workspaces/ros2_py_ws/install/udemy_ros2_pkg/share/udemy_ros2_pkg/cmake/udemy_ros2_pkgConfig-version.cmake
[0.473s] -- Up-to-date symlink: /home/g_g/workspaces/ros2_py_ws/install/udemy_ros2_pkg/share/udemy_ros2_pkg/package.xml
[0.491s] Listing '/home/g_g/workspaces/ros2_py_ws/install/udemy_ros2_pkg/lib/python3.12/site-packages/scripts'...
[0.495s] Invoked command in '/home/g_g/workspaces/ros2_py_ws/build/udemy_ros2_pkg' returned '0': CMAKE_PREFIX_PATH=${CMAKE_PREFIX_PATH}:/opt/ros/jazzy DEBUGINFOD_URLS=https://debuginfod.ubuntu.com /usr/bin/cmake --install /home/g_g/workspaces/ros2_py_ws/build/udemy_ros2_pkg
