[0.132s] Invoking command in '/home/g_g/workspaces/ros2_py_ws/build/udemy_ros2_pkg': CMAKE_PREFIX_PATH=${CMAKE_PREFIX_PATH}:/opt/ros/jazzy DEBUGINFOD_URLS=https://debuginfod.ubuntu.com /usr/bin/cmake --build /home/g_g/workspaces/ros2_py_ws/build/udemy_ros2_pkg -- -j4 -l4
[0.168s] -- Found ament_cmake: 2.5.2 (/opt/ros/jazzy/share/ament_cmake/cmake)
[0.303s] -- Override CMake install command with custom implementation using symlinks instead of copying resources
[0.323s] -- Found rclpy: 7.1.2 (/opt/ros/jazzy/share/rclpy/cmake)
[0.404s] -- Found ament_lint_auto: 0.17.1 (/opt/ros/jazzy/share/ament_lint_auto/cmake)
[0.472s] -- Added test 'flake8' to check Python code syntax and style conventions
[0.473s] -- Configured 'flake8' exclude dirs and/or files: 
[0.473s] -- Added test 'lint_cmake' to check CMake code style
[0.473s] -- Added test 'pep257' to check Python code against some of the docstring style conventions in PEP 257
[0.474s] -- Added test 'xmllint' to check XML markup files
[0.475s] -- Configuring done (0.3s)
[0.481s] -- Generating done (0.0s)
[0.482s] -- Build files have been written to: /home/g_g/workspaces/ros2_py_ws/build/udemy_ros2_pkg
[0.503s] Built target ament_cmake_python_symlink_scripts
[0.609s] running egg_info
[0.618s] writing scripts.egg-info/PKG-INFO
[0.618s] writing dependency_links to scripts.egg-info/dependency_links.txt
[0.618s] writing top-level names to scripts.egg-info/top_level.txt
[0.642s] reading manifest file 'scripts.egg-info/SOURCES.txt'
[0.643s] writing manifest file 'scripts.egg-info/SOURCES.txt'
[0.663s] Built target ament_cmake_python_build_scripts_egg
[0.669s] Invoked command in '/home/g_g/workspaces/ros2_py_ws/build/udemy_ros2_pkg' returned '0': CMAKE_PREFIX_PATH=${CMAKE_PREFIX_PATH}:/opt/ros/jazzy DEBUGINFOD_URLS=https://debuginfod.ubuntu.com /usr/bin/cmake --build /home/g_g/workspaces/ros2_py_ws/build/udemy_ros2_pkg -- -j4 -l4
[0.686s] Invoking command in '/home/g_g/workspaces/ros2_py_ws/build/udemy_ros2_pkg': CMAKE_PREFIX_PATH=${CMAKE_PREFIX_PATH}:/opt/ros/jazzy DEBUGINFOD_URLS=https://debuginfod.ubuntu.com /usr/bin/cmake --install /home/g_g/workspaces/ros2_py_ws/build/udemy_ros2_pkg
[0.689s] -- Install configuration: ""
[0.689s] -- Execute custom install script
[0.690s] -- Up-to-date symlink: /home/g_g/workspaces/ros2_py_ws/install/udemy_ros2_pkg/share/udemy_ros2_pkg/environment/pythonpath.sh
[0.690s] -- Up-to-date symlink: /home/g_g/workspaces/ros2_py_ws/install/udemy_ros2_pkg/share/udemy_ros2_pkg/environment/pythonpath.dsv
[0.690s] -- Up-to-date symlink: /home/g_g/workspaces/ros2_py_ws/install/udemy_ros2_pkg/lib/python3.12/site-packages/scripts-0.0.0-py3.12.egg-info/PKG-INFO
[0.690s] -- Up-to-date symlink: /home/g_g/workspaces/ros2_py_ws/install/udemy_ros2_pkg/lib/python3.12/site-packages/scripts-0.0.0-py3.12.egg-info/SOURCES.txt
[0.690s] -- Up-to-date symlink: /home/g_g/workspaces/ros2_py_ws/install/udemy_ros2_pkg/lib/python3.12/site-packages/scripts-0.0.0-py3.12.egg-info/dependency_links.txt
[0.690s] -- Up-to-date symlink: /home/g_g/workspaces/ros2_py_ws/install/udemy_ros2_pkg/lib/python3.12/site-packages/scripts-0.0.0-py3.12.egg-info/top_level.txt
[0.690s] -- Up-to-date symlink: /home/g_g/workspaces/ros2_py_ws/install/udemy_ros2_pkg/lib/python3.12/site-packages/scripts/__init__.py
[0.690s] -- Up-to-date symlink: /home/g_g/workspaces/ros2_py_ws/install/udemy_ros2_pkg/lib/python3.12/site-packages/scripts/publisher.py
[0.690s] -- Up-to-date symlink: /home/g_g/workspaces/ros2_py_ws/install/udemy_ros2_pkg/lib/python3.12/site-packages/scripts/rpm_pub.py
[0.691s] -- Up-to-date symlink: /home/g_g/workspaces/ros2_py_ws/install/udemy_ros2_pkg/lib/python3.12/site-packages/scripts/speed_calc.py
[0.691s] -- Up-to-date symlink: /home/g_g/workspaces/ros2_py_ws/install/udemy_ros2_pkg/lib/python3.12/site-packages/scripts/subscriber.py
[0.691s] -- Up-to-date symlink: /home/g_g/workspaces/ros2_py_ws/install/udemy_ros2_pkg/lib/udemy_ros2_pkg/publisher.py
[0.691s] -- Up-to-date symlink: /home/g_g/workspaces/ros2_py_ws/install/udemy_ros2_pkg/lib/udemy_ros2_pkg/subscriber.py
[0.691s] -- Up-to-date symlink: /home/g_g/workspaces/ros2_py_ws/install/udemy_ros2_pkg/lib/udemy_ros2_pkg/rpm_pub.py
[0.691s] -- Up-to-date symlink: /home/g_g/workspaces/ros2_py_ws/install/udemy_ros2_pkg/lib/udemy_ros2_pkg/speed_calc.py
[0.691s] [31mCMake Error at ament_cmake_symlink_install/ament_cmake_symlink_install.cmake:100 (message):
[0.691s]   ament_cmake_symlink_install_directory() can't find
[0.691s]   '/home/g_g/workspaces/ros2_py_ws/src/udemy_ros2_pkg/launch'
[0.691s] Call Stack (most recent call first):
[0.691s]   ament_cmake_symlink_install/ament_cmake_symlink_install.cmake:329 (ament_cmake_symlink_install_directory)
[0.691s]   cmake_install.cmake:46 (include)
[0.691s] 
[0.691s] [0m
[0.692s] Invoked command in '/home/g_g/workspaces/ros2_py_ws/build/udemy_ros2_pkg' returned '1': CMAKE_PREFIX_PATH=${CMAKE_PREFIX_PATH}:/opt/ros/jazzy DEBUGINFOD_URLS=https://debuginfod.ubuntu.com /usr/bin/cmake --install /home/g_g/workspaces/ros2_py_ws/build/udemy_ros2_pkg
