[0.000000] (-) TimerEvent: {}
[0.000264] (udemy_ros2_pkg) JobQueued: {'identifier': 'udemy_ros2_pkg', 'dependencies': OrderedDict()}
[0.000294] (udemy_ros2_pkg) JobStarted: {'identifier': 'udemy_ros2_pkg'}
[0.004766] (udemy_ros2_pkg) JobProgress: {'identifier': 'udemy_ros2_pkg', 'progress': 'cmake'}
[0.005555] (udemy_ros2_pkg) JobProgress: {'identifier': 'udemy_ros2_pkg', 'progress': 'build'}
[0.005603] (udemy_ros2_pkg) Command: {'cmd': ['/usr/bin/cmake', '--build', '/home/g_g/workspaces/ros2_py_ws/build/udemy_ros2_pkg', '--', '-j4', '-l4'], 'cwd': '/home/g_g/workspaces/ros2_py_ws/build/udemy_ros2_pkg', 'env': OrderedDict({'GJS_DEBUG_TOPICS': 'JS ERROR;JS LOG', 'LESSOPEN': '| /usr/bin/lesspipe %s', 'USER': 'g_g', 'XDG_SESSION_TYPE': 'wayland', 'GIT_ASKPASS': '/usr/share/code/resources/app/extensions/git/dist/askpass.sh', 'SHLVL': '1', 'LD_LIBRARY_PATH': '/opt/ros/jazzy/opt/rviz_ogre_vendor/lib:/opt/ros/jazzy/lib/aarch64-linux-gnu:/opt/ros/jazzy/opt/gz_math_vendor/lib:/opt/ros/jazzy/opt/gz_utils_vendor/lib:/opt/ros/jazzy/opt/gz_cmake_vendor/lib:/opt/ros/jazzy/lib', 'HOME': '/home/g_g', 'CHROME_DESKTOP': 'code-url-handler.desktop', 'TERM_PROGRAM_VERSION': '1.82.0', 'DESKTOP_SESSION': 'ubuntu', 'GIO_LAUNCHED_DESKTOP_FILE': '/usr/share/applications/code.desktop', 'ROS_PYTHON_VERSION': '3', 'GNOME_SHELL_SESSION_MODE': 'ubuntu', 'GTK_MODULES': 'gail:atk-bridge', 'VSCODE_GIT_ASKPASS_MAIN': '/usr/share/code/resources/app/extensions/git/dist/askpass-main.js', 'VSCODE_GIT_ASKPASS_NODE': '/usr/share/code/code', 'MANAGERPID': '2432', 'SYSTEMD_EXEC_PID': '2615', 'IM_CONFIG_CHECK_ENV': '1', 'GSM_SKIP_SSH_AGENT_WORKAROUND': 'true', 'DBUS_SESSION_BUS_ADDRESS': 'unix:path=/run/user/1000/bus', 'COLORTERM': 'truecolor', 'GIO_LAUNCHED_DESKTOP_FILE_PID': '3353', 'DEBUGINFOD_URLS': 'https://debuginfod.ubuntu.com', 'IM_CONFIG_PHASE': '1', 'WAYLAND_DISPLAY': 'wayland-0', 'ROS_DISTRO': 'jazzy', 'LOGNAME': 'g_g', 'JOURNAL_STREAM': '8:20697', '_': '/usr/bin/colcon', 'ROS_VERSION': '2', 'MEMORY_PRESSURE_WATCH': '/sys/fs/cgroup/user.slice/user-1000.slice/user@1000.service/session.slice/org.gnome.Shell@wayland.service/memory.pressure', 'XDG_SESSION_CLASS': 'user', 'USERNAME': 'g_g', 'TERM': 'xterm-256color', 'GNOME_DESKTOP_SESSION_ID': 'this-is-deprecated', 'PATH': '/opt/ros/jazzy/bin:/usr/local/sbin:/usr/local/bin:/usr/sbin:/usr/bin:/sbin:/bin:/usr/games:/usr/local/games:/snap/bin:/snap/bin', 'SESSION_MANAGER': 'local/newwave:@/tmp/.ICE-unix/2581,unix/newwave:/tmp/.ICE-unix/2581', 'INVOCATION_ID': 'eac7196ed4264fd19f4719d7508a0b4f', 'XDG_MENU_PREFIX': 'gnome-', 'GNOME_SETUP_DISPLAY': ':1', 'XDG_RUNTIME_DIR': '/run/user/1000', 'GDK_BACKEND': 'x11', 'DISPLAY': ':0', 'LANG': 'en_US.UTF-8', 'XDG_CURRENT_DESKTOP': 'Unity', 'XMODIFIERS': '@im=ibus', 'XDG_SESSION_DESKTOP': 'ubuntu', 'XAUTHORITY': '/run/user/1000/.mutter-Xwaylandauth.RI7NW2', 'LS_COLORS': '', 'VSCODE_GIT_IPC_HANDLE': '/run/user/1000/vscode-git-954b62550a.sock', 'TERM_PROGRAM': 'vscode', 'SSH_AUTH_SOCK': '/run/user/1000/keyring/ssh', 'AMENT_PREFIX_PATH': '/opt/ros/jazzy', 'ORIGINAL_XDG_CURRENT_DESKTOP': 'ubuntu:GNOME', 'SHELL': '/bin/bash', 'QT_ACCESSIBILITY': '1', 'GDMSESSION': 'ubuntu', 'LESSCLOSE': '/usr/bin/lesspipe %s %s', 'GJS_DEBUG_OUTPUT': 'stderr', 'ROS_AUTOMATIC_DISCOVERY_RANGE': 'SUBNET', 'VSCODE_GIT_ASKPASS_EXTRA_ARGS': '--ms-enable-electron-run-as-node', 'QT_IM_MODULE': 'ibus', 'PWD': '/home/g_g/workspaces/ros2_py_ws/build/udemy_ros2_pkg', 'LC_ALL': 'en_US.UTF-8', 'XDG_CONFIG_DIRS': '/etc/xdg/xdg-ubuntu:/etc/xdg', 'XDG_DATA_DIRS': '/usr/share/ubuntu:/usr/share/gnome:/usr/local/share/:/usr/share/:/var/lib/snapd/desktop', 'PYTHONPATH': '/opt/ros/jazzy/lib/python3.12/site-packages', 'COLCON': '1', 'MEMORY_PRESSURE_WRITE': 'c29tZSAyMDAwMDAgMjAwMDAwMAA=', 'CMAKE_PREFIX_PATH': '/opt/ros/jazzy/opt/gz_math_vendor:/opt/ros/jazzy/opt/gz_utils_vendor:/opt/ros/jazzy/opt/gz_cmake_vendor:/opt/ros/jazzy'}), 'shell': False}
[0.031458] (udemy_ros2_pkg) StdoutLine: {'line': b'-- Found ament_cmake: 2.5.2 (/opt/ros/jazzy/share/ament_cmake/cmake)\n'}
[0.099544] (-) TimerEvent: {}
[0.155060] (udemy_ros2_pkg) StdoutLine: {'line': b'-- Override CMake install command with custom implementation using symlinks instead of copying resources\n'}
[0.160673] (udemy_ros2_pkg) StdoutLine: {'line': b'-- Found rclpy: 7.1.2 (/opt/ros/jazzy/share/rclpy/cmake)\n'}
[0.199601] (-) TimerEvent: {}
[0.210110] (udemy_ros2_pkg) StdoutLine: {'line': b'-- Found ament_lint_auto: 0.17.1 (/opt/ros/jazzy/share/ament_lint_auto/cmake)\n'}
[0.261075] (udemy_ros2_pkg) StdoutLine: {'line': b"-- Added test 'flake8' to check Python code syntax and style conventions\n"}
[0.261213] (udemy_ros2_pkg) StdoutLine: {'line': b"-- Configured 'flake8' exclude dirs and/or files: \n"}
[0.261346] (udemy_ros2_pkg) StdoutLine: {'line': b"-- Added test 'lint_cmake' to check CMake code style\n"}
[0.261509] (udemy_ros2_pkg) StdoutLine: {'line': b"-- Added test 'pep257' to check Python code against some of the docstring style conventions in PEP 257\n"}
[0.262068] (udemy_ros2_pkg) StdoutLine: {'line': b"-- Added test 'xmllint' to check XML markup files\n"}
[0.262609] (udemy_ros2_pkg) StdoutLine: {'line': b'-- Configuring done (0.2s)\n'}
[0.265653] (udemy_ros2_pkg) StdoutLine: {'line': b'-- Generating done (0.0s)\n'}
[0.266665] (udemy_ros2_pkg) StdoutLine: {'line': b'-- Build files have been written to: /home/g_g/workspaces/ros2_py_ws/build/udemy_ros2_pkg\n'}
[0.287079] (udemy_ros2_pkg) StdoutLine: {'line': b'Built target ament_cmake_python_symlink_scripts\n'}
[0.299700] (-) TimerEvent: {}
[0.388604] (udemy_ros2_pkg) StdoutLine: {'line': b'running egg_info\n'}
[0.396853] (udemy_ros2_pkg) StdoutLine: {'line': b'writing scripts.egg-info/PKG-INFO\n'}
[0.397475] (udemy_ros2_pkg) StdoutLine: {'line': b'writing dependency_links to scripts.egg-info/dependency_links.txt\n'}
[0.397587] (udemy_ros2_pkg) StdoutLine: {'line': b'writing top-level names to scripts.egg-info/top_level.txt\n'}
[0.399885] (-) TimerEvent: {}
[0.419289] (udemy_ros2_pkg) StdoutLine: {'line': b"reading manifest file 'scripts.egg-info/SOURCES.txt'\n"}
[0.419544] (udemy_ros2_pkg) StdoutLine: {'line': b"writing manifest file 'scripts.egg-info/SOURCES.txt'\n"}
[0.438254] (udemy_ros2_pkg) StdoutLine: {'line': b'Built target ament_cmake_python_build_scripts_egg\n'}
[0.444013] (udemy_ros2_pkg) CommandEnded: {'returncode': 0}
[0.455647] (udemy_ros2_pkg) JobProgress: {'identifier': 'udemy_ros2_pkg', 'progress': 'install'}
[0.461533] (udemy_ros2_pkg) Command: {'cmd': ['/usr/bin/cmake', '--install', '/home/g_g/workspaces/ros2_py_ws/build/udemy_ros2_pkg'], 'cwd': '/home/g_g/workspaces/ros2_py_ws/build/udemy_ros2_pkg', 'env': OrderedDict({'GJS_DEBUG_TOPICS': 'JS ERROR;JS LOG', 'LESSOPEN': '| /usr/bin/lesspipe %s', 'USER': 'g_g', 'XDG_SESSION_TYPE': 'wayland', 'GIT_ASKPASS': '/usr/share/code/resources/app/extensions/git/dist/askpass.sh', 'SHLVL': '1', 'LD_LIBRARY_PATH': '/opt/ros/jazzy/opt/rviz_ogre_vendor/lib:/opt/ros/jazzy/lib/aarch64-linux-gnu:/opt/ros/jazzy/opt/gz_math_vendor/lib:/opt/ros/jazzy/opt/gz_utils_vendor/lib:/opt/ros/jazzy/opt/gz_cmake_vendor/lib:/opt/ros/jazzy/lib', 'HOME': '/home/g_g', 'CHROME_DESKTOP': 'code-url-handler.desktop', 'TERM_PROGRAM_VERSION': '1.82.0', 'DESKTOP_SESSION': 'ubuntu', 'GIO_LAUNCHED_DESKTOP_FILE': '/usr/share/applications/code.desktop', 'ROS_PYTHON_VERSION': '3', 'GNOME_SHELL_SESSION_MODE': 'ubuntu', 'GTK_MODULES': 'gail:atk-bridge', 'VSCODE_GIT_ASKPASS_MAIN': '/usr/share/code/resources/app/extensions/git/dist/askpass-main.js', 'VSCODE_GIT_ASKPASS_NODE': '/usr/share/code/code', 'MANAGERPID': '2432', 'SYSTEMD_EXEC_PID': '2615', 'IM_CONFIG_CHECK_ENV': '1', 'GSM_SKIP_SSH_AGENT_WORKAROUND': 'true', 'DBUS_SESSION_BUS_ADDRESS': 'unix:path=/run/user/1000/bus', 'COLORTERM': 'truecolor', 'GIO_LAUNCHED_DESKTOP_FILE_PID': '3353', 'DEBUGINFOD_URLS': 'https://debuginfod.ubuntu.com', 'IM_CONFIG_PHASE': '1', 'WAYLAND_DISPLAY': 'wayland-0', 'ROS_DISTRO': 'jazzy', 'LOGNAME': 'g_g', 'JOURNAL_STREAM': '8:20697', '_': '/usr/bin/colcon', 'ROS_VERSION': '2', 'MEMORY_PRESSURE_WATCH': '/sys/fs/cgroup/user.slice/user-1000.slice/user@1000.service/session.slice/org.gnome.Shell@wayland.service/memory.pressure', 'XDG_SESSION_CLASS': 'user', 'USERNAME': 'g_g', 'TERM': 'xterm-256color', 'GNOME_DESKTOP_SESSION_ID': 'this-is-deprecated', 'PATH': '/opt/ros/jazzy/bin:/usr/local/sbin:/usr/local/bin:/usr/sbin:/usr/bin:/sbin:/bin:/usr/games:/usr/local/games:/snap/bin:/snap/bin', 'SESSION_MANAGER': 'local/newwave:@/tmp/.ICE-unix/2581,unix/newwave:/tmp/.ICE-unix/2581', 'INVOCATION_ID': 'eac7196ed4264fd19f4719d7508a0b4f', 'XDG_MENU_PREFIX': 'gnome-', 'GNOME_SETUP_DISPLAY': ':1', 'XDG_RUNTIME_DIR': '/run/user/1000', 'GDK_BACKEND': 'x11', 'DISPLAY': ':0', 'LANG': 'en_US.UTF-8', 'XDG_CURRENT_DESKTOP': 'Unity', 'XMODIFIERS': '@im=ibus', 'XDG_SESSION_DESKTOP': 'ubuntu', 'XAUTHORITY': '/run/user/1000/.mutter-Xwaylandauth.RI7NW2', 'LS_COLORS': '', 'VSCODE_GIT_IPC_HANDLE': '/run/user/1000/vscode-git-954b62550a.sock', 'TERM_PROGRAM': 'vscode', 'SSH_AUTH_SOCK': '/run/user/1000/keyring/ssh', 'AMENT_PREFIX_PATH': '/opt/ros/jazzy', 'ORIGINAL_XDG_CURRENT_DESKTOP': 'ubuntu:GNOME', 'SHELL': '/bin/bash', 'QT_ACCESSIBILITY': '1', 'GDMSESSION': 'ubuntu', 'LESSCLOSE': '/usr/bin/lesspipe %s %s', 'GJS_DEBUG_OUTPUT': 'stderr', 'ROS_AUTOMATIC_DISCOVERY_RANGE': 'SUBNET', 'VSCODE_GIT_ASKPASS_EXTRA_ARGS': '--ms-enable-electron-run-as-node', 'QT_IM_MODULE': 'ibus', 'PWD': '/home/g_g/workspaces/ros2_py_ws/build/udemy_ros2_pkg', 'LC_ALL': 'en_US.UTF-8', 'XDG_CONFIG_DIRS': '/etc/xdg/xdg-ubuntu:/etc/xdg', 'XDG_DATA_DIRS': '/usr/share/ubuntu:/usr/share/gnome:/usr/local/share/:/usr/share/:/var/lib/snapd/desktop', 'PYTHONPATH': '/opt/ros/jazzy/lib/python3.12/site-packages', 'COLCON': '1', 'MEMORY_PRESSURE_WRITE': 'c29tZSAyMDAwMDAgMjAwMDAwMAA=', 'CMAKE_PREFIX_PATH': '/opt/ros/jazzy/opt/gz_math_vendor:/opt/ros/jazzy/opt/gz_utils_vendor:/opt/ros/jazzy/opt/gz_cmake_vendor:/opt/ros/jazzy'}), 'shell': False}
[0.464926] (udemy_ros2_pkg) StdoutLine: {'line': b'-- Install configuration: ""\n'}
[0.465087] (udemy_ros2_pkg) StdoutLine: {'line': b'-- Execute custom install script\n'}
[0.465256] (udemy_ros2_pkg) StdoutLine: {'line': b'-- Up-to-date symlink: /home/g_g/workspaces/ros2_py_ws/install/udemy_ros2_pkg/share/udemy_ros2_pkg/environment/pythonpath.sh\n'}
[0.465405] (udemy_ros2_pkg) StdoutLine: {'line': b'-- Up-to-date symlink: /home/g_g/workspaces/ros2_py_ws/install/udemy_ros2_pkg/share/udemy_ros2_pkg/environment/pythonpath.dsv\n'}
[0.465584] (udemy_ros2_pkg) StdoutLine: {'line': b'-- Up-to-date symlink: /home/g_g/workspaces/ros2_py_ws/install/udemy_ros2_pkg/lib/python3.12/site-packages/scripts-0.0.0-py3.12.egg-info/PKG-INFO\n'}
[0.465715] (udemy_ros2_pkg) StdoutLine: {'line': b'-- Up-to-date symlink: /home/g_g/workspaces/ros2_py_ws/install/udemy_ros2_pkg/lib/python3.12/site-packages/scripts-0.0.0-py3.12.egg-info/SOURCES.txt\n'}
[0.465784] (udemy_ros2_pkg) StdoutLine: {'line': b'-- Up-to-date symlink: /home/g_g/workspaces/ros2_py_ws/install/udemy_ros2_pkg/lib/python3.12/site-packages/scripts-0.0.0-py3.12.egg-info/dependency_links.txt\n'}
[0.465824] (udemy_ros2_pkg) StdoutLine: {'line': b'-- Up-to-date symlink: /home/g_g/workspaces/ros2_py_ws/install/udemy_ros2_pkg/lib/python3.12/site-packages/scripts-0.0.0-py3.12.egg-info/top_level.txt\n'}
[0.465990] (udemy_ros2_pkg) StdoutLine: {'line': b'-- Up-to-date symlink: /home/g_g/workspaces/ros2_py_ws/install/udemy_ros2_pkg/lib/python3.12/site-packages/scripts/__init__.py\n'}
[0.466078] (udemy_ros2_pkg) StdoutLine: {'line': b'-- Up-to-date symlink: /home/g_g/workspaces/ros2_py_ws/install/udemy_ros2_pkg/lib/python3.12/site-packages/scripts/publisher.py\n'}
[0.466153] (udemy_ros2_pkg) StdoutLine: {'line': b'-- Up-to-date symlink: /home/g_g/workspaces/ros2_py_ws/install/udemy_ros2_pkg/lib/python3.12/site-packages/scripts/rpm_pub.py\n'}
[0.466263] (udemy_ros2_pkg) StdoutLine: {'line': b'-- Up-to-date symlink: /home/g_g/workspaces/ros2_py_ws/install/udemy_ros2_pkg/lib/python3.12/site-packages/scripts/speed_calc.py\n'}
[0.466326] (udemy_ros2_pkg) StdoutLine: {'line': b'-- Up-to-date symlink: /home/g_g/workspaces/ros2_py_ws/install/udemy_ros2_pkg/lib/python3.12/site-packages/scripts/subscriber.py\n'}
[0.466437] (udemy_ros2_pkg) StdoutLine: {'line': b'-- Up-to-date symlink: /home/g_g/workspaces/ros2_py_ws/install/udemy_ros2_pkg/lib/udemy_ros2_pkg/publisher.py\n'}
[0.466526] (udemy_ros2_pkg) StdoutLine: {'line': b'-- Up-to-date symlink: /home/g_g/workspaces/ros2_py_ws/install/udemy_ros2_pkg/lib/udemy_ros2_pkg/subscriber.py\n'}
[0.466564] (udemy_ros2_pkg) StdoutLine: {'line': b'-- Up-to-date symlink: /home/g_g/workspaces/ros2_py_ws/install/udemy_ros2_pkg/lib/udemy_ros2_pkg/rpm_pub.py\n'}
[0.466666] (udemy_ros2_pkg) StdoutLine: {'line': b'-- Up-to-date symlink: /home/g_g/workspaces/ros2_py_ws/install/udemy_ros2_pkg/lib/udemy_ros2_pkg/speed_calc.py\n'}
[0.466718] (udemy_ros2_pkg) StdoutLine: {'line': b'-- Up-to-date symlink: /home/g_g/workspaces/ros2_py_ws/install/udemy_ros2_pkg/share/udemy_ros2_pkg/launch/rpm_node.launch.py\n'}
[0.466818] (udemy_ros2_pkg) StdoutLine: {'line': b'-- Up-to-date symlink: /home/g_g/workspaces/ros2_py_ws/install/udemy_ros2_pkg/share/ament_index/resource_index/package_run_dependencies/udemy_ros2_pkg\n'}
[0.466869] (udemy_ros2_pkg) StdoutLine: {'line': b'-- Up-to-date symlink: /home/g_g/workspaces/ros2_py_ws/install/udemy_ros2_pkg/share/ament_index/resource_index/parent_prefix_path/udemy_ros2_pkg\n'}
[0.466921] (udemy_ros2_pkg) StdoutLine: {'line': b'-- Up-to-date symlink: /home/g_g/workspaces/ros2_py_ws/install/udemy_ros2_pkg/share/udemy_ros2_pkg/environment/ament_prefix_path.sh\n'}
[0.467111] (udemy_ros2_pkg) StdoutLine: {'line': b'-- Up-to-date symlink: /home/g_g/workspaces/ros2_py_ws/install/udemy_ros2_pkg/share/udemy_ros2_pkg/environment/ament_prefix_path.dsv\n'}
[0.467160] (udemy_ros2_pkg) StdoutLine: {'line': b'-- Up-to-date symlink: /home/g_g/workspaces/ros2_py_ws/install/udemy_ros2_pkg/share/udemy_ros2_pkg/environment/path.sh\n'}
[0.467263] (udemy_ros2_pkg) StdoutLine: {'line': b'-- Up-to-date symlink: /home/g_g/workspaces/ros2_py_ws/install/udemy_ros2_pkg/share/udemy_ros2_pkg/environment/path.dsv\n'}
[0.467324] (udemy_ros2_pkg) StdoutLine: {'line': b'-- Up-to-date symlink: /home/g_g/workspaces/ros2_py_ws/install/udemy_ros2_pkg/share/udemy_ros2_pkg/local_setup.bash\n'}
[0.467456] (udemy_ros2_pkg) StdoutLine: {'line': b'-- Up-to-date symlink: /home/g_g/workspaces/ros2_py_ws/install/udemy_ros2_pkg/share/udemy_ros2_pkg/local_setup.sh\n'}
[0.467527] (udemy_ros2_pkg) StdoutLine: {'line': b'-- Up-to-date symlink: /home/g_g/workspaces/ros2_py_ws/install/udemy_ros2_pkg/share/udemy_ros2_pkg/local_setup.zsh\n'}
[0.467580] (udemy_ros2_pkg) StdoutLine: {'line': b'-- Up-to-date symlink: /home/g_g/workspaces/ros2_py_ws/install/udemy_ros2_pkg/share/udemy_ros2_pkg/local_setup.dsv\n'}
[0.467608] (udemy_ros2_pkg) StdoutLine: {'line': b'-- Symlinking: /home/g_g/workspaces/ros2_py_ws/install/udemy_ros2_pkg/share/udemy_ros2_pkg/package.dsv\n'}
[0.472633] (udemy_ros2_pkg) StdoutLine: {'line': b'-- Up-to-date symlink: /home/g_g/workspaces/ros2_py_ws/install/udemy_ros2_pkg/share/ament_index/resource_index/packages/udemy_ros2_pkg\n'}
[0.472858] (udemy_ros2_pkg) StdoutLine: {'line': b'-- Up-to-date symlink: /home/g_g/workspaces/ros2_py_ws/install/udemy_ros2_pkg/share/udemy_ros2_pkg/cmake/udemy_ros2_pkgConfig.cmake\n'}
[0.472952] (udemy_ros2_pkg) StdoutLine: {'line': b'-- Up-to-date symlink: /home/g_g/workspaces/ros2_py_ws/install/udemy_ros2_pkg/share/udemy_ros2_pkg/cmake/udemy_ros2_pkgConfig-version.cmake\n'}
[0.473134] (udemy_ros2_pkg) StdoutLine: {'line': b'-- Up-to-date symlink: /home/g_g/workspaces/ros2_py_ws/install/udemy_ros2_pkg/share/udemy_ros2_pkg/package.xml\n'}
[0.491145] (udemy_ros2_pkg) StdoutLine: {'line': b"Listing '/home/g_g/workspaces/ros2_py_ws/install/udemy_ros2_pkg/lib/python3.12/site-packages/scripts'...\n"}
[0.495545] (udemy_ros2_pkg) CommandEnded: {'returncode': 0}
[0.500141] (-) TimerEvent: {}
[0.516357] (udemy_ros2_pkg) JobEnded: {'identifier': 'udemy_ros2_pkg', 'rc': 0}
[0.517029] (-) EventReactorShutdown: {}
